 Player 1
Nume : Suzi
Rasa : Elf
Clasa: Lancer
Gender: F
Nivel: 2
HP: 95.156000
Alive
Atack DMG: 35.500000
Atack DMG bonus: 90.000000

 Player 2
Nume : Bogdan
Rasa : Om
Clasa: Ranger
Gender: M
Nivel: 3
HP: 67.860000
Alive
Atack DMG: 63.300000
Atack DMG bonus: 90.000000

 Player 3
Nume : Ana
Rasa : Orc
Clasa: Wizard
Gender: F
Nivel: 7
HP: 89.600000
Alive
Atack DMG: 31.300000
Atack DMG bonus: 90.000000

 Player 4
Nume : Olaf
Rasa : Om
Clasa: Guardian
Gender: M
Nivel: 10
HP: 67.300000
Alive
Atack DMG: 63.300000
Atack DMG bonus: 90.000000

 Player 5
Nume : Rafaela
Rasa : Orc
Clasa: Guardian
Gender: F
Nivel: 7
HP: 67.300000
Alive
Atack DMG: 33.300000
Atack DMG bonus: 90.000000

